<?xml version="1.0" encoding="UTF-8"?>
<!-- Generated by org.testng.reporters.JUnitXMLReporter -->
<testsuite hostname="Kruti-PC" ignored="0" name="Test2" tests="1" failures="1" timestamp="15 Jan 2019 13:10:44 GMT" time="45.287" errors="0">
  <testcase name="titlevalidation" time="0.387" classname="Academy.validateTitle">
    <failure type="junit.framework.ComparisonFailure" message="expected:&amp;lt;...s&amp;gt; but was:&amp;lt;...S&amp;gt;">
      <![CDATA[junit.framework.ComparisonFailure: expected:<...s> but was:<...S>
	at junit.framework.Assert.assertEquals(Assert.java:81)
	at junit.framework.Assert.assertEquals(Assert.java:87)
	at Academy.validateTitle.titlevalidation(validateTitle.java:30)
... Removed 25 stack frames]]>
    </failure>
  </testcase> <!-- titlevalidation -->
</testsuite> <!-- Test2 -->
