<?xml version="1.0" encoding="UTF-8"?>
<testng-results skipped="0" failed="0" ignored="0" total="1" passed="1">
  <reporter-output>
  </reporter-output>
  <suite name="Default suite" duration-ms="156" started-at="2019-01-14T12:00:11Z" finished-at="2019-01-14T12:00:12Z">
    <groups>
    </groups>
    <test name="Default test" duration-ms="156" started-at="2019-01-14T12:00:11Z" finished-at="2019-01-14T12:00:12Z">
      <class name="day1">
        <test-method status="PASS" signature="methodOne()[pri:0, instance:day1@1081592]" name="methodOne" duration-ms="47" started-at="2019-01-14T12:00:12Z" finished-at="2019-01-14T12:00:12Z">
          <reporter-output>
          </reporter-output>
        </test-method> <!-- methodOne -->
      </class> <!-- day1 -->
    </test> <!-- Default test -->
  </suite> <!-- Default suite -->
</testng-results>
