<?xml version="1.0" encoding="UTF-8"?>
<testng-results skipped="0" failed="1" ignored="0" total="4" passed="3">
  <reporter-output>
  </reporter-output>
  <suite name="Suite" duration-ms="186394" started-at="2019-01-15T13:07:38Z" finished-at="2019-01-15T13:10:44Z">
    <groups>
    </groups>
    <test name="Test" duration-ms="50899" started-at="2019-01-15T13:07:38Z" finished-at="2019-01-15T13:08:28Z">
      <class name="Academy.navigationBar">
        <test-method status="PASS" signature="initialize()[pri:0, instance:Academy.navigationBar@120ebad]" name="initialize" is-config="true" duration-ms="47333" started-at="2019-01-15T18:37:38Z" finished-at="2019-01-15T18:38:25Z">
          <reporter-output>
          </reporter-output>
        </test-method> <!-- initialize -->
        <test-method status="PASS" signature="bar()[pri:0, instance:Academy.navigationBar@120ebad]" name="bar" duration-ms="845" started-at="2019-01-15T18:38:25Z" finished-at="2019-01-15T18:38:26Z">
          <reporter-output>
          </reporter-output>
        </test-method> <!-- bar -->
        <test-method status="PASS" signature="tearDown()[pri:0, instance:Academy.navigationBar@120ebad]" name="tearDown" is-config="true" duration-ms="2641" started-at="2019-01-15T18:38:26Z" finished-at="2019-01-15T18:38:28Z">
          <reporter-output>
          </reporter-output>
        </test-method> <!-- tearDown -->
      </class> <!-- Academy.navigationBar -->
    </test> <!-- Test -->
    <test name="Test1" duration-ms="90005" started-at="2019-01-15T13:08:29Z" finished-at="2019-01-15T13:09:59Z">
      <class name="Academy.HomePage">
        <test-method status="PASS" signature="initialize()[pri:0, instance:Academy.HomePage@cb5822]" name="initialize" is-config="true" duration-ms="3836" started-at="2019-01-15T18:38:29Z" finished-at="2019-01-15T18:38:32Z">
          <reporter-output>
          </reporter-output>
        </test-method> <!-- initialize -->
        <test-method status="PASS" signature="invokeBrowser(java.lang.String, java.lang.String, java.lang.String)[pri:0, instance:Academy.HomePage@cb5822]" name="invokeBrowser" duration-ms="56945" started-at="2019-01-15T18:38:32Z" data-provider="getData" finished-at="2019-01-15T18:39:29Z">
          <params>
            <param index="0">
              <value>
                <![CDATA[RestrictedUser@gmail.com]]>
              </value>
            </param>
            <param index="1">
              <value>
                <![CDATA[123]]>
              </value>
            </param>
            <param index="2">
              <value>
                <![CDATA[Login trial for Restricted User]]>
              </value>
            </param>
          </params>
          <reporter-output>
          </reporter-output>
        </test-method> <!-- invokeBrowser -->
        <test-method status="PASS" signature="invokeBrowser(java.lang.String, java.lang.String, java.lang.String)[pri:0, instance:Academy.HomePage@cb5822]" name="invokeBrowser" duration-ms="26684" started-at="2019-01-15T18:39:29Z" data-provider="getData" finished-at="2019-01-15T18:39:56Z">
          <params>
            <param index="0">
              <value>
                <![CDATA[NonRestrictedUser@gmail.com]]>
              </value>
            </param>
            <param index="1">
              <value>
                <![CDATA[123]]>
              </value>
            </param>
            <param index="2">
              <value>
                <![CDATA[Login trial for Non Restricted User]]>
              </value>
            </param>
          </params>
          <reporter-output>
          </reporter-output>
        </test-method> <!-- invokeBrowser -->
        <test-method status="PASS" signature="tearDown()[pri:0, instance:Academy.HomePage@cb5822]" name="tearDown" is-config="true" duration-ms="2491" started-at="2019-01-15T18:39:56Z" finished-at="2019-01-15T18:39:59Z">
          <reporter-output>
          </reporter-output>
        </test-method> <!-- tearDown -->
      </class> <!-- Academy.HomePage -->
    </test> <!-- Test1 -->
    <test name="Test2" duration-ms="45287" started-at="2019-01-15T13:09:59Z" finished-at="2019-01-15T13:10:44Z">
      <class name="Academy.validateTitle">
        <test-method status="PASS" signature="initialize()[pri:0, instance:Academy.validateTitle@acaea5]" name="initialize" is-config="true" duration-ms="42472" started-at="2019-01-15T18:39:59Z" finished-at="2019-01-15T18:40:41Z">
          <reporter-output>
          </reporter-output>
        </test-method> <!-- initialize -->
        <test-method status="FAIL" signature="titlevalidation()[pri:0, instance:Academy.validateTitle@acaea5]" name="titlevalidation" duration-ms="387" started-at="2019-01-15T18:40:41Z" finished-at="2019-01-15T18:40:41Z">
          <exception class="junit.framework.ComparisonFailure">
            <message>
              <![CDATA[expected:<...s> but was:<...S>]]>
            </message>
            <full-stacktrace>
              <![CDATA[junit.framework.ComparisonFailure: expected:<...s> but was:<...S>
	at junit.framework.Assert.assertEquals(Assert.java:81)
	at junit.framework.Assert.assertEquals(Assert.java:87)
	at Academy.validateTitle.titlevalidation(validateTitle.java:30)
	at sun.reflect.NativeMethodAccessorImpl.invoke0(Native Method)
	at sun.reflect.NativeMethodAccessorImpl.invoke(NativeMethodAccessorImpl.java:62)
	at sun.reflect.DelegatingMethodAccessorImpl.invoke(DelegatingMethodAccessorImpl.java:43)
	at java.lang.reflect.Method.invoke(Method.java:498)
	at org.testng.internal.MethodInvocationHelper.invokeMethod(MethodInvocationHelper.java:104)
	at org.testng.internal.Invoker.invokeMethod(Invoker.java:645)
	at org.testng.internal.Invoker.invokeTestMethod(Invoker.java:851)
	at org.testng.internal.Invoker.invokeTestMethods(Invoker.java:1177)
	at org.testng.internal.TestMethodWorker.invokeTestMethods(TestMethodWorker.java:129)
	at org.testng.internal.TestMethodWorker.run(TestMethodWorker.java:112)
	at org.testng.TestRunner.privateRun(TestRunner.java:756)
	at org.testng.TestRunner.run(TestRunner.java:610)
	at org.testng.SuiteRunner.runTest(SuiteRunner.java:387)
	at org.testng.SuiteRunner.runSequentially(SuiteRunner.java:382)
	at org.testng.SuiteRunner.privateRun(SuiteRunner.java:340)
	at org.testng.SuiteRunner.run(SuiteRunner.java:289)
	at org.testng.SuiteRunnerWorker.runSuite(SuiteRunnerWorker.java:52)
	at org.testng.SuiteRunnerWorker.run(SuiteRunnerWorker.java:86)
	at org.testng.TestNG.runSuitesSequentially(TestNG.java:1293)
	at org.testng.TestNG.runSuitesLocally(TestNG.java:1218)
	at org.testng.TestNG.runSuites(TestNG.java:1133)
	at org.testng.TestNG.run(TestNG.java:1104)
	at org.testng.remote.AbstractRemoteTestNG.run(AbstractRemoteTestNG.java:114)
	at org.testng.remote.RemoteTestNG.initAndRun(RemoteTestNG.java:251)
	at org.testng.remote.RemoteTestNG.main(RemoteTestNG.java:77)
]]>
            </full-stacktrace>
          </exception> <!-- junit.framework.ComparisonFailure -->
          <reporter-output>
          </reporter-output>
        </test-method> <!-- titlevalidation -->
        <test-method status="PASS" signature="tearDown()[pri:0, instance:Academy.validateTitle@acaea5]" name="tearDown" is-config="true" duration-ms="2412" started-at="2019-01-15T18:40:42Z" finished-at="2019-01-15T18:40:44Z">
          <reporter-output>
          </reporter-output>
        </test-method> <!-- tearDown -->
      </class> <!-- Academy.validateTitle -->
    </test> <!-- Test2 -->
  </suite> <!-- Suite -->
</testng-results>
